Lmod has detected the following error: The following module(s) are unknown:
"apps/matlab/20178a"

Please check the spelling or version number. Also try "module spider ..."




/mnt/storage/home/csprh/code/HUAWEI/DNCNN/TrainingCodes/DnCNNHuawei

                            < M A T L A B (R) >
                  Copyright 1984-2017 The MathWorks, Inc.
                   R2017a (9.2.0.556344) 64-bit (glnxa64)
                               March 27, 2017

 
To get started, type one of these: helpwin, helpdesk, or demo.
For product information, visit www.mathworks.com.
 
     layer|      0|      1|      2|      3|      4|      5|      6|      7|      8|      9|     10|     11|     12|     13|     14|     15|     16|     17|
      type|  input|   conv|   relu|   conv|  bnorm|   relu|   conv|  bnorm|   relu|   conv|  bnorm|   relu|   conv|  bnorm|   relu|   conv|  bnorm|   relu|
      name|    n/a| layer1| layer2| layer3| layer4| layer5| layer6| layer7| layer8| layer9|layer10|layer11|layer12|layer13|layer14|layer15|layer16|layer17|
----------|-------|-------|-------|-------|-------|-------|-------|-------|-------|-------|-------|-------|-------|-------|-------|-------|-------|-------|
   support|    n/a|      3|      1|      3|      1|      1|      3|      1|      1|      3|      1|      1|      3|      1|      1|      3|      1|      1|
  filt dim|    n/a|      3|    n/a|     64|    n/a|    n/a|     64|    n/a|    n/a|     64|    n/a|    n/a|     64|    n/a|    n/a|     64|    n/a|    n/a|
filt dilat|    n/a|      1|    n/a|      1|    n/a|    n/a|      1|    n/a|    n/a|      1|    n/a|    n/a|      1|    n/a|    n/a|      1|    n/a|    n/a|
 num filts|    n/a|     64|    n/a|     64|    n/a|    n/a|     64|    n/a|    n/a|     64|    n/a|    n/a|     64|    n/a|    n/a|     64|    n/a|    n/a|
    stride|    n/a|      1|      1|      1|      1|      1|      1|      1|      1|      1|      1|      1|      1|      1|      1|      1|      1|      1|
       pad|    n/a|      1|      0|      1|      0|      0|      1|      0|      0|      1|      0|      0|      1|      0|      0|      1|      0|      0|
----------|-------|-------|-------|-------|-------|-------|-------|-------|-------|-------|-------|-------|-------|-------|-------|-------|-------|-------|
   rf size|    n/a|      3|      3|      5|      5|      5|      7|      7|      7|      9|      9|      9|     11|     11|     11|     13|     13|     13|
 rf offset|    n/a|      1|      1|      1|      1|      1|      1|      1|      1|      1|      1|      1|      1|      1|      1|      1|      1|      1|
 rf stride|    n/a|      1|      1|      1|      1|      1|      1|      1|      1|      1|      1|      1|      1|      1|      1|      1|      1|      1|
----------|-------|-------|-------|-------|-------|-------|-------|-------|-------|-------|-------|-------|-------|-------|-------|-------|-------|-------|
 data size|NaNxNaN|NaNxNaN|NaNxNaN|NaNxNaN|NaNxNaN|NaNxNaN|NaNxNaN|NaNxNaN|NaNxNaN|NaNxNaN|NaNxNaN|NaNxNaN|NaNxNaN|NaNxNaN|NaNxNaN|NaNxNaN|NaNxNaN|NaNxNaN|
data depth|    NaN|     64|     64|     64|     64|     64|     64|     64|     64|     64|     64|     64|     64|     64|     64|     64|     64|     64|
  data num|    128|    128|    128|    128|    128|    128|    128|    128|    128|    128|    128|    128|    128|    128|    128|    128|    128|    128|
----------|-------|-------|-------|-------|-------|-------|-------|-------|-------|-------|-------|-------|-------|-------|-------|-------|-------|-------|
  data mem|    NaN|    NaN|    NaN|    NaN|    NaN|    NaN|    NaN|    NaN|    NaN|    NaN|    NaN|    NaN|    NaN|    NaN|    NaN|    NaN|    NaN|    NaN|
 param mem|    n/a|    7KB|     0B|  144KB|    1KB|     0B|  144KB|    1KB|     0B|  144KB|    1KB|     0B|  144KB|    1KB|     0B|  144KB|    1KB|     0B|

     layer|     18|     19|     20|     21|     22|     23|     24|     25|     26|     27|     28|     29|     30|     31|     32|     33|     34|     35|
      type|   conv|  bnorm|   relu|   conv|  bnorm|   relu|   conv|  bnorm|   relu|   conv|  bnorm|   relu|   conv|  bnorm|   relu|   conv|  bnorm|   relu|
      name|layer18|layer19|layer20|layer21|layer22|layer23|layer24|layer25|layer26|layer27|layer28|layer29|layer30|layer31|layer32|layer33|layer34|layer35|
----------|-------|-------|-------|-------|-------|-------|-------|-------|-------|-------|-------|-------|-------|-------|-------|-------|-------|-------|
   support|      3|      1|      1|      3|      1|      1|      3|      1|      1|      3|      1|      1|      3|      1|      1|      3|      1|      1|
  filt dim|     64|    n/a|    n/a|     64|    n/a|    n/a|     64|    n/a|    n/a|     64|    n/a|    n/a|     64|    n/a|    n/a|     64|    n/a|    n/a|
filt dilat|      1|    n/a|    n/a|      1|    n/a|    n/a|      1|    n/a|    n/a|      1|    n/a|    n/a|      1|    n/a|    n/a|      1|    n/a|    n/a|
 num filts|     64|    n/a|    n/a|     64|    n/a|    n/a|     64|    n/a|    n/a|     64|    n/a|    n/a|     64|    n/a|    n/a|     64|    n/a|    n/a|
    stride|      1|      1|      1|      1|      1|      1|      1|      1|      1|      1|      1|      1|      1|      1|      1|      1|      1|      1|
       pad|      1|      0|      0|      1|      0|      0|      1|      0|      0|      1|      0|      0|      1|      0|      0|      1|      0|      0|
----------|-------|-------|-------|-------|-------|-------|-------|-------|-------|-------|-------|-------|-------|-------|-------|-------|-------|-------|
   rf size|     15|     15|     15|     17|     17|     17|     19|     19|     19|     21|     21|     21|     23|     23|     23|     25|     25|     25|
 rf offset|      1|      1|      1|      1|      1|      1|      1|      1|      1|      1|      1|      1|      1|      1|      1|      1|      1|      1|
 rf stride|      1|      1|      1|      1|      1|      1|      1|      1|      1|      1|      1|      1|      1|      1|      1|      1|      1|      1|
----------|-------|-------|-------|-------|-------|-------|-------|-------|-------|-------|-------|-------|-------|-------|-------|-------|-------|-------|
 data size|NaNxNaN|NaNxNaN|NaNxNaN|NaNxNaN|NaNxNaN|NaNxNaN|NaNxNaN|NaNxNaN|NaNxNaN|NaNxNaN|NaNxNaN|NaNxNaN|NaNxNaN|NaNxNaN|NaNxNaN|NaNxNaN|NaNxNaN|NaNxNaN|
data depth|     64|     64|     64|     64|     64|     64|     64|     64|     64|     64|     64|     64|     64|     64|     64|     64|     64|     64|
  data num|    128|    128|    128|    128|    128|    128|    128|    128|    128|    128|    128|    128|    128|    128|    128|    128|    128|    128|
----------|-------|-------|-------|-------|-------|-------|-------|-------|-------|-------|-------|-------|-------|-------|-------|-------|-------|-------|
  data mem|    NaN|    NaN|    NaN|    NaN|    NaN|    NaN|    NaN|    NaN|    NaN|    NaN|    NaN|    NaN|    NaN|    NaN|    NaN|    NaN|    NaN|    NaN|
 param mem|  144KB|    1KB|     0B|  144KB|    1KB|     0B|  144KB|    1KB|     0B|  144KB|    1KB|     0B|  144KB|    1KB|     0B|  144KB|    1KB|     0B|

     layer|     36|     37|     38|     39|     40|     41|     42|     43|     44|     45|     46|     47|     48|     49|
      type|   conv|  bnorm|   relu|   conv|  bnorm|   relu|   conv|  bnorm|   relu|   conv|  bnorm|   relu|   conv|   loss|
      name|layer36|layer37|layer38|layer39|layer40|layer41|layer42|layer43|layer44|layer45|layer46|layer47|layer48|layer49|
----------|-------|-------|-------|-------|-------|-------|-------|-------|-------|-------|-------|-------|-------|-------|
   support|      3|      1|      1|      3|      1|      1|      3|      1|      1|      3|      1|      1|      3|      1|
  filt dim|     64|    n/a|    n/a|     64|    n/a|    n/a|     64|    n/a|    n/a|     64|    n/a|    n/a|     64|    n/a|
filt dilat|      1|    n/a|    n/a|      1|    n/a|    n/a|      1|    n/a|    n/a|      1|    n/a|    n/a|      1|    n/a|
 num filts|     64|    n/a|    n/a|     64|    n/a|    n/a|     64|    n/a|    n/a|     64|    n/a|    n/a|      3|    n/a|
    stride|      1|      1|      1|      1|      1|      1|      1|      1|      1|      1|      1|      1|      1|      1|
       pad|      1|      0|      0|      1|      0|      0|      1|      0|      0|      1|      0|      0|      1|      0|
----------|-------|-------|-------|-------|-------|-------|-------|-------|-------|-------|-------|-------|-------|-------|
   rf size|     27|     27|     27|     29|     29|     29|     31|     31|     31|     33|     33|     33|     35|     35|
 rf offset|      1|      1|      1|      1|      1|      1|      1|      1|      1|      1|      1|      1|      1|      1|
 rf stride|      1|      1|      1|      1|      1|      1|      1|      1|      1|      1|      1|      1|      1|      1|
----------|-------|-------|-------|-------|-------|-------|-------|-------|-------|-------|-------|-------|-------|-------|
 data size|NaNxNaN|NaNxNaN|NaNxNaN|NaNxNaN|NaNxNaN|NaNxNaN|NaNxNaN|NaNxNaN|NaNxNaN|NaNxNaN|NaNxNaN|NaNxNaN|NaNxNaN|NaNxNaN|
data depth|     64|     64|     64|     64|     64|     64|     64|     64|     64|     64|     64|     64|      3|      1|
  data num|    128|    128|    128|    128|    128|    128|    128|    128|    128|    128|    128|    128|    128|      1|
----------|-------|-------|-------|-------|-------|-------|-------|-------|-------|-------|-------|-------|-------|-------|
  data mem|    NaN|    NaN|    NaN|    NaN|    NaN|    NaN|    NaN|    NaN|    NaN|    NaN|    NaN|    NaN|    NaN|    NaN|
 param mem|  144KB|    1KB|     0B|  144KB|    1KB|     0B|  144KB|    1KB|     0B|  144KB|    1KB|     0B|    7KB|     0B|

parameter memory|2MB (5.6e+05 parameters)|
     data memory|NaN (for batch size 128)|

DnCNN_train: resuming by loading epoch 19slurmstepd: error: Job 1454119 exceeded memory limit (2541020 > 1024000), being killed
slurmstepd: error: *** JOB 1454119 ON compute108 CANCELLED AT 2018-11-26T18:53:05 ***
