Lmod has detected the following error: The following module(s) are unknown:
"apps/matlab/20178a"

Please check the spelling or version number. Also try "module spider ..."




/mnt/storage/home/csprh/code/HUAWEI/DNCNN/TrainingCodes/DnCNNHuawei

                            < M A T L A B (R) >
                  Copyright 1984-2017 The MathWorks, Inc.
                   R2017a (9.2.0.556344) 64-bit (glnxa64)
                               March 27, 2017

 
To get started, type one of these: helpwin, helpdesk, or demo.
For product information, visit www.mathworks.com.
 
     layer|      0|      1|      2|      3|      4|      5|      6|      7|      8|      9|     10|     11|     12|     13|     14|     15|     16|     17|
      type|  input|   conv|   relu|   conv|  bnorm|   relu|   conv|  bnorm|   relu|   conv|  bnorm|   relu|   conv|  bnorm|   relu|   conv|  bnorm|   relu|
      name|    n/a| layer1| layer2| layer3| layer4| layer5| layer6| layer7| layer8| layer9|layer10|layer11|layer12|layer13|layer14|layer15|layer16|layer17|
----------|-------|-------|-------|-------|-------|-------|-------|-------|-------|-------|-------|-------|-------|-------|-------|-------|-------|-------|
   support|    n/a|      3|      1|      3|      1|      1|      3|      1|      1|      3|      1|      1|      3|      1|      1|      3|      1|      1|
  filt dim|    n/a|      3|    n/a|     64|    n/a|    n/a|     64|    n/a|    n/a|     64|    n/a|    n/a|     64|    n/a|    n/a|     64|    n/a|    n/a|
filt dilat|    n/a|      1|    n/a|      1|    n/a|    n/a|      1|    n/a|    n/a|      1|    n/a|    n/a|      1|    n/a|    n/a|      1|    n/a|    n/a|
 num filts|    n/a|     64|    n/a|     64|    n/a|    n/a|     64|    n/a|    n/a|     64|    n/a|    n/a|     64|    n/a|    n/a|     64|    n/a|    n/a|
    stride|    n/a|      1|      1|      1|      1|      1|      1|      1|      1|      1|      1|      1|      1|      1|      1|      1|      1|      1|
       pad|    n/a|      1|      0|      1|      0|      0|      1|      0|      0|      1|      0|      0|      1|      0|      0|      1|      0|      0|
----------|-------|-------|-------|-------|-------|-------|-------|-------|-------|-------|-------|-------|-------|-------|-------|-------|-------|-------|
   rf size|    n/a|      3|      3|      5|      5|      5|      7|      7|      7|      9|      9|      9|     11|     11|     11|     13|     13|     13|
 rf offset|    n/a|      1|      1|      1|      1|      1|      1|      1|      1|      1|      1|      1|      1|      1|      1|      1|      1|      1|
 rf stride|    n/a|      1|      1|      1|      1|      1|      1|      1|      1|      1|      1|      1|      1|      1|      1|      1|      1|      1|
----------|-------|-------|-------|-------|-------|-------|-------|-------|-------|-------|-------|-------|-------|-------|-------|-------|-------|-------|
 data size|NaNxNaN|NaNxNaN|NaNxNaN|NaNxNaN|NaNxNaN|NaNxNaN|NaNxNaN|NaNxNaN|NaNxNaN|NaNxNaN|NaNxNaN|NaNxNaN|NaNxNaN|NaNxNaN|NaNxNaN|NaNxNaN|NaNxNaN|NaNxNaN|
data depth|    NaN|     64|     64|     64|     64|     64|     64|     64|     64|     64|     64|     64|     64|     64|     64|     64|     64|     64|
  data num|    128|    128|    128|    128|    128|    128|    128|    128|    128|    128|    128|    128|    128|    128|    128|    128|    128|    128|
----------|-------|-------|-------|-------|-------|-------|-------|-------|-------|-------|-------|-------|-------|-------|-------|-------|-------|-------|
  data mem|    NaN|    NaN|    NaN|    NaN|    NaN|    NaN|    NaN|    NaN|    NaN|    NaN|    NaN|    NaN|    NaN|    NaN|    NaN|    NaN|    NaN|    NaN|
 param mem|    n/a|    7KB|     0B|  144KB|    1KB|     0B|  144KB|    1KB|     0B|  144KB|    1KB|     0B|  144KB|    1KB|     0B|  144KB|    1KB|     0B|

     layer|     18|     19|     20|     21|     22|     23|     24|     25|     26|     27|     28|     29|     30|     31|     32|     33|     34|     35|
      type|   conv|  bnorm|   relu|   conv|  bnorm|   relu|   conv|  bnorm|   relu|   conv|  bnorm|   relu|   conv|  bnorm|   relu|   conv|  bnorm|   relu|
      name|layer18|layer19|layer20|layer21|layer22|layer23|layer24|layer25|layer26|layer27|layer28|layer29|layer30|layer31|layer32|layer33|layer34|layer35|
----------|-------|-------|-------|-------|-------|-------|-------|-------|-------|-------|-------|-------|-------|-------|-------|-------|-------|-------|
   support|      3|      1|      1|      3|      1|      1|      3|      1|      1|      3|      1|      1|      3|      1|      1|      3|      1|      1|
  filt dim|     64|    n/a|    n/a|     64|    n/a|    n/a|     64|    n/a|    n/a|     64|    n/a|    n/a|     64|    n/a|    n/a|     64|    n/a|    n/a|
filt dilat|      1|    n/a|    n/a|      1|    n/a|    n/a|      1|    n/a|    n/a|      1|    n/a|    n/a|      1|    n/a|    n/a|      1|    n/a|    n/a|
 num filts|     64|    n/a|    n/a|     64|    n/a|    n/a|     64|    n/a|    n/a|     64|    n/a|    n/a|     64|    n/a|    n/a|     64|    n/a|    n/a|
    stride|      1|      1|      1|      1|      1|      1|      1|      1|      1|      1|      1|      1|      1|      1|      1|      1|      1|      1|
       pad|      1|      0|      0|      1|      0|      0|      1|      0|      0|      1|      0|      0|      1|      0|      0|      1|      0|      0|
----------|-------|-------|-------|-------|-------|-------|-------|-------|-------|-------|-------|-------|-------|-------|-------|-------|-------|-------|
   rf size|     15|     15|     15|     17|     17|     17|     19|     19|     19|     21|     21|     21|     23|     23|     23|     25|     25|     25|
 rf offset|      1|      1|      1|      1|      1|      1|      1|      1|      1|      1|      1|      1|      1|      1|      1|      1|      1|      1|
 rf stride|      1|      1|      1|      1|      1|      1|      1|      1|      1|      1|      1|      1|      1|      1|      1|      1|      1|      1|
----------|-------|-------|-------|-------|-------|-------|-------|-------|-------|-------|-------|-------|-------|-------|-------|-------|-------|-------|
 data size|NaNxNaN|NaNxNaN|NaNxNaN|NaNxNaN|NaNxNaN|NaNxNaN|NaNxNaN|NaNxNaN|NaNxNaN|NaNxNaN|NaNxNaN|NaNxNaN|NaNxNaN|NaNxNaN|NaNxNaN|NaNxNaN|NaNxNaN|NaNxNaN|
data depth|     64|     64|     64|     64|     64|     64|     64|     64|     64|     64|     64|     64|     64|     64|     64|     64|     64|     64|
  data num|    128|    128|    128|    128|    128|    128|    128|    128|    128|    128|    128|    128|    128|    128|    128|    128|    128|    128|
----------|-------|-------|-------|-------|-------|-------|-------|-------|-------|-------|-------|-------|-------|-------|-------|-------|-------|-------|
  data mem|    NaN|    NaN|    NaN|    NaN|    NaN|    NaN|    NaN|    NaN|    NaN|    NaN|    NaN|    NaN|    NaN|    NaN|    NaN|    NaN|    NaN|    NaN|
 param mem|  144KB|    1KB|     0B|  144KB|    1KB|     0B|  144KB|    1KB|     0B|  144KB|    1KB|     0B|  144KB|    1KB|     0B|  144KB|    1KB|     0B|

     layer|     36|     37|     38|     39|     40|     41|     42|     43|     44|     45|     46|     47|     48|     49|
      type|   conv|  bnorm|   relu|   conv|  bnorm|   relu|   conv|  bnorm|   relu|   conv|  bnorm|   relu|   conv|   loss|
      name|layer36|layer37|layer38|layer39|layer40|layer41|layer42|layer43|layer44|layer45|layer46|layer47|layer48|layer49|
----------|-------|-------|-------|-------|-------|-------|-------|-------|-------|-------|-------|-------|-------|-------|
   support|      3|      1|      1|      3|      1|      1|      3|      1|      1|      3|      1|      1|      3|      1|
  filt dim|     64|    n/a|    n/a|     64|    n/a|    n/a|     64|    n/a|    n/a|     64|    n/a|    n/a|     64|    n/a|
filt dilat|      1|    n/a|    n/a|      1|    n/a|    n/a|      1|    n/a|    n/a|      1|    n/a|    n/a|      1|    n/a|
 num filts|     64|    n/a|    n/a|     64|    n/a|    n/a|     64|    n/a|    n/a|     64|    n/a|    n/a|      3|    n/a|
    stride|      1|      1|      1|      1|      1|      1|      1|      1|      1|      1|      1|      1|      1|      1|
       pad|      1|      0|      0|      1|      0|      0|      1|      0|      0|      1|      0|      0|      1|      0|
----------|-------|-------|-------|-------|-------|-------|-------|-------|-------|-------|-------|-------|-------|-------|
   rf size|     27|     27|     27|     29|     29|     29|     31|     31|     31|     33|     33|     33|     35|     35|
 rf offset|      1|      1|      1|      1|      1|      1|      1|      1|      1|      1|      1|      1|      1|      1|
 rf stride|      1|      1|      1|      1|      1|      1|      1|      1|      1|      1|      1|      1|      1|      1|
----------|-------|-------|-------|-------|-------|-------|-------|-------|-------|-------|-------|-------|-------|-------|
 data size|NaNxNaN|NaNxNaN|NaNxNaN|NaNxNaN|NaNxNaN|NaNxNaN|NaNxNaN|NaNxNaN|NaNxNaN|NaNxNaN|NaNxNaN|NaNxNaN|NaNxNaN|NaNxNaN|
data depth|     64|     64|     64|     64|     64|     64|     64|     64|     64|     64|     64|     64|      3|      1|
  data num|    128|    128|    128|    128|    128|    128|    128|    128|    128|    128|    128|    128|    128|      1|
----------|-------|-------|-------|-------|-------|-------|-------|-------|-------|-------|-------|-------|-------|-------|
  data mem|    NaN|    NaN|    NaN|    NaN|    NaN|    NaN|    NaN|    NaN|    NaN|    NaN|    NaN|    NaN|    NaN|    NaN|
 param mem|  144KB|    1KB|     0B|  144KB|    1KB|     0B|  144KB|    1KB|     0B|  144KB|    1KB|     0B|    7KB|     0B|

parameter memory|2MB (5.6e+05 parameters)|
     data memory|NaN (for batch size 128)|

train: epoch 01 dataset 00:   1/153:error: 2.891120 
train: epoch 01 dataset 00:   2/153:error: 1.616290 
train: epoch 01 dataset 00:   3/153:error: 1.289948 
train: epoch 01 dataset 00:   4/153:error: 0.973176 
train: epoch 01 dataset 00:   5/153:error: 0.748140 
train: epoch 01 dataset 00:   6/153:error: 0.673984 
train: epoch 01 dataset 00:   7/153:error: 0.688360 
train: epoch 01 dataset 00:   8/153:error: 0.601443 
train: epoch 01 dataset 00:   9/153:error: 0.532849 
train: epoch 01 dataset 00:  10/153:error: 0.447097 
train: epoch 01 dataset 00:  11/153:error: 0.539122 
train: epoch 01 dataset 00:  12/153:error: 0.454269 
train: epoch 01 dataset 00:  13/153:error: 0.627139 
train: epoch 01 dataset 00:  14/153:error: 0.628823 
train: epoch 01 dataset 00:  15/153:error: 0.524539 
train: epoch 01 dataset 00:  16/153:error: 0.556850 
train: epoch 01 dataset 00:  17/153:error: 0.546119 
train: epoch 01 dataset 00:  18/153:error: 0.354770 
train: epoch 01 dataset 00:  19/153:error: 0.298662 
train: epoch 01 dataset 00:  20/153:error: 0.728692 
train: epoch 01 dataset 00:  21/153:error: 0.589947 
train: epoch 01 dataset 00:  22/153:error: 0.416992 
train: epoch 01 dataset 00:  23/153:error: 0.633856 
train: epoch 01 dataset 00:  24/153:error: 0.532058 
train: epoch 01 dataset 00:  25/153:error: 0.581740 
train: epoch 01 dataset 00:  26/153:error: 0.537243 
train: epoch 01 dataset 00:  27/153:error: 0.620407 
train: epoch 01 dataset 00:  28/153:error: 0.529648 
train: epoch 01 dataset 00:  29/153:error: 0.654583 
train: epoch 01 dataset 00:  30/153:error: 0.447437 
train: epoch 01 dataset 00:  31/153:error: 0.647262 
train: epoch 01 dataset 00:  32/153:error: 0.482393 
train: epoch 01 dataset 00:  33/153:error: 0.763712 
train: epoch 01 dataset 00:  34/153:error: 0.414104 
train: epoch 01 dataset 00:  35/153:error: 0.509979 
train: epoch 01 dataset 00:  36/153:error: 0.407131 
train: epoch 01 dataset 00:  37/153:error: 0.648451 
train: epoch 01 dataset 00:  38/153:error: 0.389878 
train: epoch 01 dataset 00:  39/153:error: 0.531632 
train: epoch 01 dataset 00:  40/153:error: 0.476996 
train: epoch 01 dataset 00:  41/153:error: 0.336355 
train: epoch 01 dataset 00:  42/153:error: 0.633506 
train: epoch 01 dataset 00:  43/153:error: 0.374090 
train: epoch 01 dataset 00:  44/153:error: 0.511583 
train: epoch 01 dataset 00:  45/153:error: 0.569162 
train: epoch 01 dataset 00:  46/153:error: 0.442057 
train: epoch 01 dataset 00:  47/153:error: 0.572458 
train: epoch 01 dataset 00:  48/153:error: 0.553616 
train: epoch 01 dataset 00:  49/153:error: 0.441152 
train: epoch 01 dataset 00:  50/153:error: 0.371485 
train: epoch 01 dataset 00:  51/153:error: 0.584615 
train: epoch 01 dataset 00:  52/153:error: 0.792540 
train: epoch 01 dataset 00:  53/153:error: 0.822147 
train: epoch 01 dataset 00:  54/153:error: 0.475024 
train: epoch 01 dataset 00:  55/153:error: 0.483569 
train: epoch 01 dataset 00:  56/153:error: 0.447082 
train: epoch 01 dataset 00:  57/153:error: 0.472210 
train: epoch 01 dataset 00:  58/153:error: 0.734952 
train: epoch 01 dataset 00:  59/153:error: 0.331510 
train: epoch 01 dataset 00:  60/153:error: 0.678001 
train: epoch 01 dataset 00:  61/153:error: 0.498281 
train: epoch 01 dataset 00:  62/153:error: 0.504014 
train: epoch 01 dataset 00:  63/153:error: 0.704548 
train: epoch 01 dataset 00:  64/153:error: 0.400922 
train: epoch 01 dataset 00:  65/153:error: 0.405359 
train: epoch 01 dataset 00:  66/153:error: 0.489825 
train: epoch 01 dataset 00:  67/153:error: 0.429750 
train: epoch 01 dataset 00:  68/153:error: 0.555124 
train: epoch 01 dataset 00:  69/153:error: 0.576026 
train: epoch 01 dataset 00:  70/153:error: 0.384841 
train: epoch 01 dataset 00:  71/153:error: 0.509729 
train: epoch 01 dataset 00:  72/153:error: 0.710960 
train: epoch 01 dataset 00:  73/153:error: 0.450757 
train: epoch 01 dataset 00:  74/153:error: 0.638003 
train: epoch 01 dataset 00:  75/153:error: 0.405961 
train: epoch 01 dataset 00:  76/153:error: 0.432926 
train: epoch 01 dataset 00:  77/153:error: 0.556106 
train: epoch 01 dataset 00:  78/153:error: 0.839285 
train: epoch 01 dataset 00:  79/153:error: 0.446394 
train: epoch 01 dataset 00:  80/153:error: 0.483049 
train: epoch 01 dataset 00:  81/153:error: 0.496928 
train: epoch 01 dataset 00:  82/153:error: 0.549744 
train: epoch 01 dataset 00:  83/153:error: 0.579192 
train: epoch 01 dataset 00:  84/153:error: 0.322395 
train: epoch 01 dataset 00:  85/153:error: 0.464172 
train: epoch 01 dataset 00:  86/153:error: 0.423442 
train: epoch 01 dataset 00:  87/153:error: 0.764676 
train: epoch 01 dataset 00:  88/153:error: 0.696898 
train: epoch 01 dataset 00:  89/153:error: 0.492967 
train: epoch 01 dataset 00:  90/153:error: 0.557152 
train: epoch 01 dataset 00:  91/153:error: 0.482893 
train: epoch 01 dataset 00:  92/153:error: 0.458720 
train: epoch 01 dataset 00:  93/153:error: 0.593308 
train: epoch 01 dataset 00:  94/153:error: 0.493390 
train: epoch 01 dataset 00:  95/153:error: 0.442200 
train: epoch 01 dataset 00:  96/153:error: 0.485892 
train: epoch 01 dataset 00:  97/153:error: 0.460977 
train: epoch 01 dataset 00:  98/153:error: 0.613938 
train: epoch 01 dataset 00:  99/153:error: 0.341040 
train: epoch 01 dataset 00: 100/153:error: 0.547389 
train: epoch 01 dataset 00: 101/153:error: 0.673172 
train: epoch 01 dataset 00: 102/153:error: 0.534117 
train: epoch 01 dataset 00: 103/153:error: 0.489463 
train: epoch 01 dataset 00: 104/153:error: 0.628037 
train: epoch 01 dataset 00: 105/153:error: 0.437434 
train: epoch 01 dataset 00: 106/153:error: 0.438371 
train: epoch 01 dataset 00: 107/153:error: 0.523443 
train: epoch 01 dataset 00: 108/153:error: 0.652554 
train: epoch 01 dataset 00: 109/153:error: 0.652120 
train: epoch 01 dataset 00: 110/153:error: 0.601969 
train: epoch 01 dataset 00: 111/153:error: 0.315966 
train: epoch 01 dataset 00: 112/153:error: 0.344790 
train: epoch 01 dataset 00: 113/153:error: 0.377148 
train: epoch 01 dataset 00: 114/153:error: 0.551959 
train: epoch 01 dataset 00: 115/153:error: 0.530676 
train: epoch 01 dataset 00: 116/153:error: 0.477459 
train: epoch 01 dataset 00: 117/153:error: 0.487909 
train: epoch 01 dataset 00: 118/153:error: 0.574077 
train: epoch 01 dataset 00: 119/153:error: 0.544486 
train: epoch 01 dataset 00: 120/153:error: 0.493150 
train: epoch 01 dataset 00: 121/153:error: 0.563462 
train: epoch 01 dataset 00: 122/153:error: 0.571484 
train: epoch 01 dataset 00: 123/153:error: 0.392416 
train: epoch 01 dataset 00: 124/153:error: 0.676588 
train: epoch 01 dataset 00: 125/153:error: 0.552924 
train: epoch 01 dataset 00: 126/153:error: 0.524346 
train: epoch 01 dataset 00: 127/153:error: 0.581720 
train: epoch 01 dataset 00: 128/153:error: 0.517812 
train: epoch 01 dataset 00: 129/153:error: 0.660023 
train: epoch 01 dataset 00: 130/153:error: 0.486731 
train: epoch 01 dataset 00: 131/153:error: 0.432254 
train: epoch 01 dataset 00: 132/153:error: 0.536460 
train: epoch 01 dataset 00: 133/153:error: 0.416398 
train: epoch 01 dataset 00: 134/153:error: 0.482869 
train: epoch 01 dataset 00: 135/153:error: 0.378640 
train: epoch 01 dataset 00: 136/153:error: 0.770178 
train: epoch 01 dataset 00: 137/153:error: 0.487077 
train: epoch 01 dataset 00: 138/153:error: 0.509900 
train: epoch 01 dataset 00: 139/153:error: 0.505981 
train: epoch 01 dataset 00: 140/153:error: 0.550026 
train: epoch 01 dataset 00: 141/153:error: 0.573572 
train: epoch 01 dataset 00: 142/153:error: 0.442139 
train: epoch 01 dataset 00: 143/153:error: 0.576999 
train: epoch 01 dataset 00: 144/153:error: 0.431618 
train: epoch 01 dataset 00: 145/153:error: 0.443760 
train: epoch 01 dataset 00: 146/153:error: 0.558928 
train: epoch 01 dataset 00: 147/153:error: 0.482508 
train: epoch 01 dataset 00: 148/153:error: 0.679825 
train: epoch 01 dataset 00: 149/153:error: 0.449124 
train: epoch 01 dataset 00: 150/153:error: 0.430592 
train: epoch 01 dataset 00: 151/153:error: 0.698972 
train: epoch 01 dataset 00: 152/153:error: 0.599640 
train: epoch 01 dataset 00: 153/153:error: 0.581789 
train: epoch 02 dataset 00:   1/153:error: 0.632877 
train: epoch 02 dataset 00:   2/153:error: 0.774416 
train: epoch 02 dataset 00:   3/153:error: 0.703092 
train: epoch 02 dataset 00:   4/153:error: 0.556702 
train: epoch 02 dataset 00:   5/153:error: 0.760456 
train: epoch 02 dataset 00:   6/153:error: 0.418898 
train: epoch 02 dataset 00:   7/153:error: 0.612590 
train: epoch 02 dataset 00:   8/153:error: 0.622638 
train: epoch 02 dataset 00:   9/153:error: 0.574590 
train: epoch 02 dataset 00:  10/153:error: 0.782028 
train: epoch 02 dataset 00:  11/153:error: 0.502592 
train: epoch 02 dataset 00:  12/153:error: 0.596319 
train: epoch 02 dataset 00:  13/153:error: 0.522483 
train: epoch 02 dataset 00:  14/153:error: 0.554682 
train: epoch 02 dataset 00:  15/153:error: 0.623069 
train: epoch 02 dataset 00:  16/153:error: 0.602265 
slurmstepd: error: *** JOB 1454948 ON compute108 CANCELLED AT 2018-11-26T20:06:47 DUE TO TIME LIMIT ***
